<?xml version="1.0" encoding="UTF-8"?>
<testng-results skipped="0" failed="0" total="2" passed="2">
  <reporter-output>
  </reporter-output>
  <suite name="InetBanking" duration-ms="6977" started-at="2021-05-12T12:46:44Z" finished-at="2021-05-12T12:46:51Z">
    <groups>
    </groups>
    <test name="BankingApp" duration-ms="6977" started-at="2021-05-12T12:46:44Z" finished-at="2021-05-12T12:46:51Z">
      <class name="com.may.testCases.TCLogin002">
        <test-method status="PASS" signature="custDetails()[pri:0, instance:com.may.testCases.TCLogin002@6d8a00e3]" name="custDetails" duration-ms="2407" started-at="2021-05-12T14:46:49Z" finished-at="2021-05-12T14:46:51Z">
          <reporter-output>
          </reporter-output>
        </test-method> <!-- custDetails -->
      </class> <!-- com.may.testCases.TCLogin002 -->
      <class name="com.may.testCases.TCLogin001">
        <test-method status="PASS" signature="launchBrowser()[pri:0, instance:com.may.testCases.TCLogin001@5ae9a829]" name="launchBrowser" is-config="true" duration-ms="3653" started-at="2021-05-12T14:46:40Z" finished-at="2021-05-12T14:46:44Z">
          <reporter-output>
          </reporter-output>
        </test-method> <!-- launchBrowser -->
        <test-method status="PASS" signature="login()[pri:0, instance:com.may.testCases.TCLogin001@5ae9a829]" name="login" duration-ms="4551" started-at="2021-05-12T14:46:44Z" finished-at="2021-05-12T14:46:49Z">
          <reporter-output>
          </reporter-output>
        </test-method> <!-- login -->
        <test-method status="PASS" signature="tearDown()[pri:0, instance:com.may.testCases.TCLogin001@5ae9a829]" name="tearDown" is-config="true" duration-ms="714" started-at="2021-05-12T14:46:51Z" finished-at="2021-05-12T14:46:52Z">
          <reporter-output>
          </reporter-output>
        </test-method> <!-- tearDown -->
      </class> <!-- com.may.testCases.TCLogin001 -->
    </test> <!-- BankingApp -->
  </suite> <!-- InetBanking -->
</testng-results>
