<?xml version="1.0" encoding="UTF-8"?>
<testng-results skipped="0" failed="0" total="1" passed="1">
  <reporter-output>
  </reporter-output>
  <suite name="InetBanking" duration-ms="1134" started-at="2021-05-12T08:40:04Z" finished-at="2021-05-12T08:40:05Z">
    <groups>
    </groups>
    <test name="BankingApp" duration-ms="1134" started-at="2021-05-12T08:40:04Z" finished-at="2021-05-12T08:40:05Z">
      <class name="com.may.testCases.TCLogin001">
        <test-method status="PASS" signature="launchBrowser()[pri:0, instance:com.may.testCases.TCLogin001@573f2bb1]" name="launchBrowser" is-config="true" duration-ms="3256" started-at="2021-05-12T10:40:01Z" finished-at="2021-05-12T10:40:04Z">
          <reporter-output>
          </reporter-output>
        </test-method> <!-- launchBrowser -->
        <test-method status="PASS" signature="login()[pri:0, instance:com.may.testCases.TCLogin001@573f2bb1]" name="login" duration-ms="1121" started-at="2021-05-12T10:40:04Z" finished-at="2021-05-12T10:40:05Z">
          <reporter-output>
          </reporter-output>
        </test-method> <!-- login -->
        <test-method status="PASS" signature="tearDown()[pri:0, instance:com.may.testCases.TCLogin001@573f2bb1]" name="tearDown" is-config="true" duration-ms="774" started-at="2021-05-12T10:40:05Z" finished-at="2021-05-12T10:40:06Z">
          <reporter-output>
          </reporter-output>
        </test-method> <!-- tearDown -->
      </class> <!-- com.may.testCases.TCLogin001 -->
    </test> <!-- BankingApp -->
  </suite> <!-- InetBanking -->
</testng-results>
